{
  "RSpec": {
    "coverage": {
      "/home/dell/myprojects/trailblazer_api/config/environment.rb": [
        null,
        1,
        null,
        null,
        1
      ],
      "/home/dell/myprojects/trailblazer_api/config/application.rb": [
        1,
        null,
        1,
        null,
        1,
        1,
        1,
        1,
        1,
        1,
        1,
        1,
        null,
        1,
        null,
        null,
        null,
        1,
        null,
        1,
        1,
        null,
        1,
        null,
        1,
        null,
        null,
        null,
        null,
        null,
        null,
        null,
        null,
        1,
        null,
        null,
        null
      ],
      "/home/dell/myprojects/trailblazer_api/config/boot.rb": [
        1,
        null,
        1,
        1
      ],
      "/home/dell/myprojects/trailblazer_api/config/environments/test.rb": [
        1,
        null,
        null,
        null,
        null,
        null,
        null,
        1,
        null,
        null,
        null,
        null,
        1,
        null,
        null,
        1,
        1,
        null,
        null,
        null,
        null,
        1,
        1,
        null,
        null,
        1,
        null,
        null,
        1,
        null,
        null,
        1,
        null,
        1,
        null,
        null,
        null,
        null,
        1,
        null,
        null,
        1,
        null,
        null,
        null,
        null
      ],
      "/home/dell/myprojects/trailblazer_api/config/initializers/application_controller_renderer.rb": [
        null,
        null,
        null,
        null,
        null,
        null,
        null,
        null
      ],
      "/home/dell/myprojects/trailblazer_api/config/initializers/backtrace_silencers.rb": [
        null,
        null,
        null,
        null,
        null,
        null,
        null
      ],
      "/home/dell/myprojects/trailblazer_api/config/initializers/cors.rb": [
        null,
        null,
        null,
        null,
        null,
        null,
        null,
        null,
        null,
        null,
        null,
        null,
        null,
        null,
        null,
        null
      ],
      "/home/dell/myprojects/trailblazer_api/config/initializers/filter_parameter_logging.rb": [
        null,
        null,
        null,
        1
      ],
      "/home/dell/myprojects/trailblazer_api/config/initializers/inflections.rb": [
        null,
        null,
        null,
        null,
        null,
        null,
        null,
        null,
        null,
        null,
        null,
        null,
        null,
        null,
        null,
        null
      ],
      "/home/dell/myprojects/trailblazer_api/config/initializers/mime_types.rb": [
        null,
        null,
        null,
        null
      ],
      "/home/dell/myprojects/trailblazer_api/config/initializers/trailblazer.rb": [
        1,
        null,
        null,
        1,
        1,
        null,
        null
      ],
      "/home/dell/myprojects/trailblazer_api/config/initializers/wrap_parameters.rb": [
        null,
        null,
        null,
        null,
        null,
        null,
        1,
        1,
        null,
        null,
        null,
        null,
        null,
        null
      ],
      "/home/dell/myprojects/trailblazer_api/spec/factories/users.rb": [
        1,
        1,
        1,
        1,
        null,
        null
      ],
      "/home/dell/myprojects/trailblazer_api/config/routes.rb": [
        null,
        null,
        1,
        null,
        null,
        1,
        1,
        1,
        1,
        null,
        null,
        null,
        null,
        1,
        null
      ],
      "/home/dell/myprojects/trailblazer_api/spec/concepts/v1/users/sessions/create_spec.rb": [
        1,
        null,
        1,
        0,
        0,
        0,
        0,
        0,
        0,
        null,
        null,
        null,
        null,
        null,
        null,
        null,
        null,
        null,
        null,
        null,
        null,
        null,
        null,
        null,
        null,
        null,
        null,
        null,
        null,
        null,
        null,
        null,
        null,
        null,
        null,
        null,
        null,
        null,
        null,
        null,
        null,
        null,
        null,
        null,
        null,
        null
      ]
    },
    "timestamp": 1547799550
  }
}
